imooc_zhy/build/outputs/logs/manifest-merger-debug-report.txt
-- Merging decision tree log ---
manifest
ADDED from imooc_zhy/imooc_zhy/AndroidManifest.xml:2:1-182:12
	xmlns:android
		ADDED from imooc_zhy/imooc_zhy/AndroidManifest.xml:2:11-69
	package
		ADDED from imooc_zhy/imooc_zhy/AndroidManifest.xml:3:5-22
	android:versionName
		ADDED from imooc_zhy/imooc_zhy/AndroidManifest.xml:5:5-30
	android:versionCode
		ADDED from imooc_zhy/imooc_zhy/AndroidManifest.xml:4:5-28
		INJECTED from imooc_zhy/imooc_zhy/AndroidManifest.xml
		INJECTED from imooc_zhy/imooc_zhy/AndroidManifest.xml
uses-sdk
ADDED from imooc_zhy/imooc_zhy/AndroidManifest.xml:7:5-9:41
MERGED from [com.android.support:design:22.2.0] AndroidManifest.xml:20:5-43
MERGED from [com.android.support:appcompat-v7:22.2.0] AndroidManifest.xml:20:5-43
MERGED from [com.android.support:support-v4:22.2.0] AndroidManifest.xml:20:5-43
MERGED from [com.android.support:support-v4:22.2.0] AndroidManifest.xml:20:5-43
	android:targetSdkVersion
		ADDED from imooc_zhy/imooc_zhy/AndroidManifest.xml:9:9-38
	android:minSdkVersion
		ADDED from imooc_zhy/imooc_zhy/AndroidManifest.xml:8:9-35
uses-permission#android.permission.READ_EXTERNAL_STORAGE
ADDED from imooc_zhy/imooc_zhy/AndroidManifest.xml:11:5-80
	android:name
		ADDED from imooc_zhy/imooc_zhy/AndroidManifest.xml:11:22-77
uses-permission#android.permission.INTERNET
ADDED from imooc_zhy/imooc_zhy/AndroidManifest.xml:12:5-67
	android:name
		ADDED from imooc_zhy/imooc_zhy/AndroidManifest.xml:12:22-64
application
ADDED from imooc_zhy/imooc_zhy/AndroidManifest.xml:14:5-180:19
MERGED from [com.android.support:design:22.2.0] AndroidManifest.xml:22:5-20
MERGED from [com.android.support:appcompat-v7:22.2.0] AndroidManifest.xml:22:5-20
MERGED from [com.android.support:support-v4:22.2.0] AndroidManifest.xml:22:5-20
MERGED from [com.android.support:support-v4:22.2.0] AndroidManifest.xml:22:5-20
	android:label
		ADDED from imooc_zhy/imooc_zhy/AndroidManifest.xml:17:9-41
	android:allowBackup
		ADDED from imooc_zhy/imooc_zhy/AndroidManifest.xml:15:9-35
	android:icon
		ADDED from imooc_zhy/imooc_zhy/AndroidManifest.xml:16:9-37
	android:theme
		ADDED from imooc_zhy/imooc_zhy/AndroidManifest.xml:18:9-45
activity#com.zhy.MainActivity
ADDED from imooc_zhy/imooc_zhy/AndroidManifest.xml:19:9-29:20
	android:windowSoftInputMode
		ADDED from imooc_zhy/imooc_zhy/AndroidManifest.xml:23:13-55
	android:configChanges
		ADDED from imooc_zhy/imooc_zhy/AndroidManifest.xml:21:13-90
	android:name
		ADDED from imooc_zhy/imooc_zhy/AndroidManifest.xml:20:13-48
	android:launchMode
		ADDED from imooc_zhy/imooc_zhy/AndroidManifest.xml:22:13-43
intent-filter#android.intent.action.MAIN+android.intent.category.LAUNCHER
ADDED from imooc_zhy/imooc_zhy/AndroidManifest.xml:24:13-28:29
action#android.intent.action.MAIN
ADDED from imooc_zhy/imooc_zhy/AndroidManifest.xml:25:17-69
	android:name
		ADDED from imooc_zhy/imooc_zhy/AndroidManifest.xml:25:25-66
category#android.intent.category.LAUNCHER
ADDED from imooc_zhy/imooc_zhy/AndroidManifest.xml:27:17-77
	android:name
		ADDED from imooc_zhy/imooc_zhy/AndroidManifest.xml:27:27-74
activity#com.zhy.RolateAnimActivity
ADDED from imooc_zhy/imooc_zhy/AndroidManifest.xml:30:9-35:20
	android:windowSoftInputMode
		ADDED from imooc_zhy/imooc_zhy/AndroidManifest.xml:34:13-55
	android:configChanges
		ADDED from imooc_zhy/imooc_zhy/AndroidManifest.xml:32:13-90
	android:name
		ADDED from imooc_zhy/imooc_zhy/AndroidManifest.xml:31:13-54
	android:launchMode
		ADDED from imooc_zhy/imooc_zhy/AndroidManifest.xml:33:13-43
activity#com.zhy.CustomViewActivity
ADDED from imooc_zhy/imooc_zhy/AndroidManifest.xml:36:9-41:20
	android:windowSoftInputMode
		ADDED from imooc_zhy/imooc_zhy/AndroidManifest.xml:40:13-55
	android:configChanges
		ADDED from imooc_zhy/imooc_zhy/AndroidManifest.xml:38:13-90
	android:name
		ADDED from imooc_zhy/imooc_zhy/AndroidManifest.xml:37:13-54
	android:launchMode
		ADDED from imooc_zhy/imooc_zhy/AndroidManifest.xml:39:13-43
activity#com.zhy.CustomImageActivity
ADDED from imooc_zhy/imooc_zhy/AndroidManifest.xml:42:9-47:20
	android:windowSoftInputMode
		ADDED from imooc_zhy/imooc_zhy/AndroidManifest.xml:46:13-55
	android:configChanges
		ADDED from imooc_zhy/imooc_zhy/AndroidManifest.xml:44:13-90
	android:name
		ADDED from imooc_zhy/imooc_zhy/AndroidManifest.xml:43:13-55
	android:launchMode
		ADDED from imooc_zhy/imooc_zhy/AndroidManifest.xml:45:13-43
activity#com.zhy.ChouJiangActivity
ADDED from imooc_zhy/imooc_zhy/AndroidManifest.xml:48:9-53:20
	android:windowSoftInputMode
		ADDED from imooc_zhy/imooc_zhy/AndroidManifest.xml:52:13-55
	android:configChanges
		ADDED from imooc_zhy/imooc_zhy/AndroidManifest.xml:50:13-90
	android:name
		ADDED from imooc_zhy/imooc_zhy/AndroidManifest.xml:49:13-53
	android:launchMode
		ADDED from imooc_zhy/imooc_zhy/AndroidManifest.xml:51:13-43
activity#com.zhy.CircleMenuActivity
ADDED from imooc_zhy/imooc_zhy/AndroidManifest.xml:54:9-59:20
	android:windowSoftInputMode
		ADDED from imooc_zhy/imooc_zhy/AndroidManifest.xml:58:13-55
	android:configChanges
		ADDED from imooc_zhy/imooc_zhy/AndroidManifest.xml:56:13-90
	android:name
		ADDED from imooc_zhy/imooc_zhy/AndroidManifest.xml:55:13-54
	android:launchMode
		ADDED from imooc_zhy/imooc_zhy/AndroidManifest.xml:57:13-43
activity#com.zhy.SlidingMenuActivity
ADDED from imooc_zhy/imooc_zhy/AndroidManifest.xml:60:9-65:20
	android:windowSoftInputMode
		ADDED from imooc_zhy/imooc_zhy/AndroidManifest.xml:64:13-55
	android:configChanges
		ADDED from imooc_zhy/imooc_zhy/AndroidManifest.xml:62:13-90
	android:name
		ADDED from imooc_zhy/imooc_zhy/AndroidManifest.xml:61:13-55
	android:launchMode
		ADDED from imooc_zhy/imooc_zhy/AndroidManifest.xml:63:13-43
activity#com.zhy.CustomPargressBarActivity
ADDED from imooc_zhy/imooc_zhy/AndroidManifest.xml:66:9-71:20
	android:windowSoftInputMode
		ADDED from imooc_zhy/imooc_zhy/AndroidManifest.xml:70:13-55
	android:configChanges
		ADDED from imooc_zhy/imooc_zhy/AndroidManifest.xml:68:13-90
	android:name
		ADDED from imooc_zhy/imooc_zhy/AndroidManifest.xml:67:13-61
	android:launchMode
		ADDED from imooc_zhy/imooc_zhy/AndroidManifest.xml:69:13-43
activity#com.zhy.GestureLockActivity
ADDED from imooc_zhy/imooc_zhy/AndroidManifest.xml:72:9-77:20
	android:windowSoftInputMode
		ADDED from imooc_zhy/imooc_zhy/AndroidManifest.xml:76:13-55
	android:configChanges
		ADDED from imooc_zhy/imooc_zhy/AndroidManifest.xml:74:13-90
	android:name
		ADDED from imooc_zhy/imooc_zhy/AndroidManifest.xml:73:13-55
	android:launchMode
		ADDED from imooc_zhy/imooc_zhy/AndroidManifest.xml:75:13-43
activity#com.zhy.SlidingPanelLayoutActivity
ADDED from imooc_zhy/imooc_zhy/AndroidManifest.xml:78:9-83:20
	android:windowSoftInputMode
		ADDED from imooc_zhy/imooc_zhy/AndroidManifest.xml:82:13-55
	android:configChanges
		ADDED from imooc_zhy/imooc_zhy/AndroidManifest.xml:80:13-90
	android:name
		ADDED from imooc_zhy/imooc_zhy/AndroidManifest.xml:79:13-62
	android:launchMode
		ADDED from imooc_zhy/imooc_zhy/AndroidManifest.xml:81:13-43
activity#com.zhy.VerticalLinearLayoutActivity
ADDED from imooc_zhy/imooc_zhy/AndroidManifest.xml:84:9-89:20
	android:windowSoftInputMode
		ADDED from imooc_zhy/imooc_zhy/AndroidManifest.xml:88:13-55
	android:configChanges
		ADDED from imooc_zhy/imooc_zhy/AndroidManifest.xml:86:13-90
	android:name
		ADDED from imooc_zhy/imooc_zhy/AndroidManifest.xml:85:13-64
	android:launchMode
		ADDED from imooc_zhy/imooc_zhy/AndroidManifest.xml:87:13-43
activity#com.zhy.ListViewItemSlideDeleteActivity
ADDED from imooc_zhy/imooc_zhy/AndroidManifest.xml:90:9-95:20
	android:windowSoftInputMode
		ADDED from imooc_zhy/imooc_zhy/AndroidManifest.xml:94:13-55
	android:configChanges
		ADDED from imooc_zhy/imooc_zhy/AndroidManifest.xml:92:13-90
	android:name
		ADDED from imooc_zhy/imooc_zhy/AndroidManifest.xml:91:13-67
	android:launchMode
		ADDED from imooc_zhy/imooc_zhy/AndroidManifest.xml:93:13-43
activity#com.zhy.EventBusActivity
ADDED from imooc_zhy/imooc_zhy/AndroidManifest.xml:96:9-101:20
	android:windowSoftInputMode
		ADDED from imooc_zhy/imooc_zhy/AndroidManifest.xml:100:13-55
	android:configChanges
		ADDED from imooc_zhy/imooc_zhy/AndroidManifest.xml:98:13-90
	android:name
		ADDED from imooc_zhy/imooc_zhy/AndroidManifest.xml:97:13-52
	android:launchMode
		ADDED from imooc_zhy/imooc_zhy/AndroidManifest.xml:99:13-43
activity#com.zhy.SwipeRefreshActivity
ADDED from imooc_zhy/imooc_zhy/AndroidManifest.xml:102:9-107:20
	android:windowSoftInputMode
		ADDED from imooc_zhy/imooc_zhy/AndroidManifest.xml:106:13-55
	android:configChanges
		ADDED from imooc_zhy/imooc_zhy/AndroidManifest.xml:104:13-90
	android:name
		ADDED from imooc_zhy/imooc_zhy/AndroidManifest.xml:103:13-56
	android:launchMode
		ADDED from imooc_zhy/imooc_zhy/AndroidManifest.xml:105:13-43
activity#com.zhy.ImageLoaderActivity
ADDED from imooc_zhy/imooc_zhy/AndroidManifest.xml:108:9-113:20
	android:windowSoftInputMode
		ADDED from imooc_zhy/imooc_zhy/AndroidManifest.xml:112:13-55
	android:configChanges
		ADDED from imooc_zhy/imooc_zhy/AndroidManifest.xml:110:13-90
	android:name
		ADDED from imooc_zhy/imooc_zhy/AndroidManifest.xml:109:13-55
	android:launchMode
		ADDED from imooc_zhy/imooc_zhy/AndroidManifest.xml:111:13-43
activity#com.zhy.NetworkingImageLoaderActivity
ADDED from imooc_zhy/imooc_zhy/AndroidManifest.xml:114:9-119:20
	android:windowSoftInputMode
		ADDED from imooc_zhy/imooc_zhy/AndroidManifest.xml:118:13-55
	android:configChanges
		ADDED from imooc_zhy/imooc_zhy/AndroidManifest.xml:116:13-90
	android:name
		ADDED from imooc_zhy/imooc_zhy/AndroidManifest.xml:115:13-65
	android:launchMode
		ADDED from imooc_zhy/imooc_zhy/AndroidManifest.xml:117:13-43
activity#com.zhy.SecondActivity
ADDED from imooc_zhy/imooc_zhy/AndroidManifest.xml:120:9-125:20
	android:windowSoftInputMode
		ADDED from imooc_zhy/imooc_zhy/AndroidManifest.xml:124:13-55
	android:configChanges
		ADDED from imooc_zhy/imooc_zhy/AndroidManifest.xml:122:13-90
	android:name
		ADDED from imooc_zhy/imooc_zhy/AndroidManifest.xml:121:13-50
	android:launchMode
		ADDED from imooc_zhy/imooc_zhy/AndroidManifest.xml:123:13-43
activity#com.zhy.BounceScrollViewActivity
ADDED from imooc_zhy/imooc_zhy/AndroidManifest.xml:126:9-128:20
	android:name
		ADDED from imooc_zhy/imooc_zhy/AndroidManifest.xml:127:13-60
activity#com.zhy.GamePintuActivity
ADDED from imooc_zhy/imooc_zhy/AndroidManifest.xml:129:9-131:20
	android:name
		ADDED from imooc_zhy/imooc_zhy/AndroidManifest.xml:130:13-53
activity#com.zhy.Game2048Activity
ADDED from imooc_zhy/imooc_zhy/AndroidManifest.xml:132:9-134:20
	android:name
		ADDED from imooc_zhy/imooc_zhy/AndroidManifest.xml:133:13-52
activity#com.zhy.handle_runtime_change.HandRuntimeChangeActivity
ADDED from imooc_zhy/imooc_zhy/AndroidManifest.xml:135:9-138:20
	android:label
		ADDED from imooc_zhy/imooc_zhy/AndroidManifest.xml:137:13-45
	android:name
		ADDED from imooc_zhy/imooc_zhy/AndroidManifest.xml:136:13-83
activity#com.zhy.handle_runtime_change.SavedInstanceStateUsingActivity
ADDED from imooc_zhy/imooc_zhy/AndroidManifest.xml:139:9-140:20
	android:name
		ADDED from imooc_zhy/imooc_zhy/AndroidManifest.xml:139:19-95
activity#com.zhy.handle_runtime_change.FragmentRetainDataActivity
ADDED from imooc_zhy/imooc_zhy/AndroidManifest.xml:141:9-142:20
	android:name
		ADDED from imooc_zhy/imooc_zhy/AndroidManifest.xml:141:19-90
activity#com.zhy.handle_runtime_change.ConfigChangesTestActivity
ADDED from imooc_zhy/imooc_zhy/AndroidManifest.xml:143:9-146:20
	android:configChanges
		ADDED from imooc_zhy/imooc_zhy/AndroidManifest.xml:145:13-59
	android:name
		ADDED from imooc_zhy/imooc_zhy/AndroidManifest.xml:144:13-83
activity#com.zhy.handle_runtime_change.FixProblemsActivity
ADDED from imooc_zhy/imooc_zhy/AndroidManifest.xml:147:9-148:20
	android:name
		ADDED from imooc_zhy/imooc_zhy/AndroidManifest.xml:147:19-83
activity#com.zhy.ScaleGestureDetectorActivity
ADDED from imooc_zhy/imooc_zhy/AndroidManifest.xml:149:9-151:20
	android:name
		ADDED from imooc_zhy/imooc_zhy/AndroidManifest.xml:150:13-64
activity#com.zhy.clippic.ClipPicActivity
ADDED from imooc_zhy/imooc_zhy/AndroidManifest.xml:152:9-155:20
	android:label
		ADDED from imooc_zhy/imooc_zhy/AndroidManifest.xml:154:13-45
	android:name
		ADDED from imooc_zhy/imooc_zhy/AndroidManifest.xml:153:13-59
activity#com.zhy.clippic.ShowImageActivity
ADDED from imooc_zhy/imooc_zhy/AndroidManifest.xml:156:9-157:20
	android:name
		ADDED from imooc_zhy/imooc_zhy/AndroidManifest.xml:156:19-67
activity#com.zhy.StickyNavLayoutActivity
ADDED from imooc_zhy/imooc_zhy/AndroidManifest.xml:158:9-159:20
	android:name
		ADDED from imooc_zhy/imooc_zhy/AndroidManifest.xml:158:19-65
activity#com.zhy.MyHorizontalScrollViewActivity
ADDED from imooc_zhy/imooc_zhy/AndroidManifest.xml:160:9-162:20
	android:name
		ADDED from imooc_zhy/imooc_zhy/AndroidManifest.xml:161:13-66
activity#com.zhy.JazzyVewPagerActivity
ADDED from imooc_zhy/imooc_zhy/AndroidManifest.xml:163:9-166:20
	android:theme
		ADDED from imooc_zhy/imooc_zhy/AndroidManifest.xml:165:13-44
	android:name
		ADDED from imooc_zhy/imooc_zhy/AndroidManifest.xml:164:13-57
activity#com.zhy.FlowLayoutActivity
ADDED from imooc_zhy/imooc_zhy/AndroidManifest.xml:167:9-169:20
	android:name
		ADDED from imooc_zhy/imooc_zhy/AndroidManifest.xml:168:13-54
activity#com.zhy.LargeImageViewActivity
ADDED from imooc_zhy/imooc_zhy/AndroidManifest.xml:170:9-172:20
	android:name
		ADDED from imooc_zhy/imooc_zhy/AndroidManifest.xml:171:13-58
activity#com.zhy.flowlayout.CategoryActivity
ADDED from imooc_zhy/imooc_zhy/AndroidManifest.xml:173:9-175:20
	android:name
		ADDED from imooc_zhy/imooc_zhy/AndroidManifest.xml:174:13-63
activity#com.zhy.recyclerview.StaggeredGridLayoutActivity
ADDED from imooc_zhy/imooc_zhy/AndroidManifest.xml:176:9-177:56
	android:theme
		ADDED from imooc_zhy/imooc_zhy/AndroidManifest.xml:177:13-44
	android:name
		ADDED from imooc_zhy/imooc_zhy/AndroidManifest.xml:176:19-82
activity#com.zhy.recyclerview.RecyclerViewActivity
ADDED from imooc_zhy/imooc_zhy/AndroidManifest.xml:178:9-179:56
	android:theme
		ADDED from imooc_zhy/imooc_zhy/AndroidManifest.xml:179:13-44
	android:name
		ADDED from imooc_zhy/imooc_zhy/AndroidManifest.xml:178:19-75